Не удалось выполнить скрипт 8602 / D:\#programs\c#.AutoScript\AutoScript\AutoScript\bin\Debug\Scripts\Статистика приема КНД 1151111.sql / Ошибка входа пользователя "REGIONS\8600-90331".
Не удалось выполнить скрипт. Ошибка входа пользователя "REGIONS\8600-90331".
Выполнен экспорт 8600 в D:\#programs\c#.AutoScript\AutoScript\AutoScript\bin\Debug\output\29.03.2018\Статистика приема КНД 1151111\8600.csv
Не удалось выполнить скрипт 8603 / D:\#programs\c#.AutoScript\AutoScript\AutoScript\bin\Debug\Scripts\Статистика приема КНД 1151111.sql / Ошибка входа пользователя "REGIONS\8600-90331".
Не удалось выполнить скрипт 8601 / D:\#programs\c#.AutoScript\AutoScript\AutoScript\bin\Debug\Scripts\Статистика приема КНД 1151111.sql / Ошибка входа пользователя "REGIONS\8600-90331".
Не удалось выполнить скрипт. Ошибка входа пользователя "REGIONS\8600-90331".
Не удалось выполнить скрипт. Ошибка входа пользователя "REGIONS\8600-90331".
Не удалось выполнить скрипт 8606 / D:\#programs\c#.AutoScript\AutoScript\AutoScript\bin\Debug\Scripts\Статистика приема КНД 1151111.sql / Не удается открыть базу данных "Taxes06", запрашиваемую именем входа. Не удалось выполнить вход.
Ошибка входа пользователя "REGIONS\8600-90331".
Не удалось выполнить скрипт. Не удается открыть базу данных "Taxes06", запрашиваемую именем входа. Не удалось выполнить вход.
Ошибка входа пользователя "REGIONS\8600-90331".
Не удалось выполнить скрипт 8607 / D:\#programs\c#.AutoScript\AutoScript\AutoScript\bin\Debug\Scripts\Статистика приема КНД 1151111.sql / Ошибка входа пользователя "REGIONS\8600-90331".
Не удалось выполнить скрипт. Ошибка входа пользователя "REGIONS\8600-90331".
Не удалось выполнить скрипт 8610 / D:\#programs\c#.AutoScript\AutoScript\AutoScript\bin\Debug\Scripts\Статистика приема КНД 1151111.sql / Ошибка входа пользователя "REGIONS\8600-90331".
Не удалось выполнить скрипт. Ошибка входа пользователя "REGIONS\8600-90331".
Не удалось выполнить скрипт 8611 / D:\#programs\c#.AutoScript\AutoScript\AutoScript\bin\Debug\Scripts\Статистика приема КНД 1151111.sql / Ошибка входа пользователя "REGIONS\8600-90331".
Не удалось выполнить скрипт. Ошибка входа пользователя "REGIONS\8600-90331".
Не удалось выполнить скрипт 8617 / D:\#programs\c#.AutoScript\AutoScript\AutoScript\bin\Debug\Scripts\Статистика приема КНД 1151111.sql / Ошибка входа пользователя "REGIONS\8600-90331".
Не удалось выполнить скрипт. Ошибка входа пользователя "REGIONS\8600-90331".
Не удалось выполнить скрипт 8619 / D:\#programs\c#.AutoScript\AutoScript\AutoScript\bin\Debug\Scripts\Статистика приема КНД 1151111.sql / Ошибка входа пользователя "REGIONS\8600-90331".
Не удалось выполнить скрипт. Ошибка входа пользователя "REGIONS\8600-90331".
Не удалось выполнить скрипт 8622 / D:\#programs\c#.AutoScript\AutoScript\AutoScript\bin\Debug\Scripts\Статистика приема КНД 1151111.sql / Ошибка входа пользователя "REGIONS\8600-90331".
Не удалось выполнить скрипт. Ошибка входа пользователя "REGIONS\8600-90331".
Не удалось выполнить скрипт 8602 / D:\#programs\c#.AutoScript\AutoScript\AutoScript\bin\Debug\Scripts\Статистика приема КНД 1151111.sql / Ошибка входа пользователя "REGIONS\8600-90331".
Не удалось выполнить скрипт. Ошибка входа пользователя "REGIONS\8600-90331".
Не удалось выполнить скрипт 8601 / D:\#programs\c#.AutoScript\AutoScript\AutoScript\bin\Debug\Scripts\Статистика приема КНД 1151111.sql / Ошибка входа пользователя "REGIONS\8600-90331".
Не удалось выполнить скрипт 8603 / D:\#programs\c#.AutoScript\AutoScript\AutoScript\bin\Debug\Scripts\Статистика приема КНД 1151111.sql / Ошибка входа пользователя "REGIONS\8600-90331".
Не удалось выполнить скрипт. Ошибка входа пользователя "REGIONS\8600-90331".
Не удалось выполнить скрипт. Ошибка входа пользователя "REGIONS\8600-90331".
Не удалось выполнить скрипт 8606 / D:\#programs\c#.AutoScript\AutoScript\AutoScript\bin\Debug\Scripts\Статистика приема КНД 1151111.sql / Не удается открыть базу данных "Taxes06", запрашиваемую именем входа. Не удалось выполнить вход.
Ошибка входа пользователя "REGIONS\8600-90331".
Не удалось выполнить скрипт. Не удается открыть базу данных "Taxes06", запрашиваемую именем входа. Не удалось выполнить вход.
Ошибка входа пользователя "REGIONS\8600-90331".
Не удалось выполнить скрипт 8607 / D:\#programs\c#.AutoScript\AutoScript\AutoScript\bin\Debug\Scripts\Статистика приема КНД 1151111.sql / Ошибка входа пользователя "REGIONS\8600-90331".
Не удалось выполнить скрипт. Ошибка входа пользователя "REGIONS\8600-90331".
Не удалось выполнить скрипт 8610 / D:\#programs\c#.AutoScript\AutoScript\AutoScript\bin\Debug\Scripts\Статистика приема КНД 1151111.sql / Ошибка входа пользователя "REGIONS\8600-90331".
Не удалось выполнить скрипт. Ошибка входа пользователя "REGIONS\8600-90331".
Не удалось выполнить скрипт 8619 / D:\#programs\c#.AutoScript\AutoScript\AutoScript\bin\Debug\Scripts\Статистика приема КНД 1151111.sql / Ошибка входа пользователя "REGIONS\8600-90331".
Не удалось выполнить скрипт 8617 / D:\#programs\c#.AutoScript\AutoScript\AutoScript\bin\Debug\Scripts\Статистика приема КНД 1151111.sql / Ошибка входа пользователя "REGIONS\8600-90331".
Не удалось выполнить скрипт. Ошибка входа пользователя "REGIONS\8600-90331".
Не удалось выполнить скрипт. Ошибка входа пользователя "REGIONS\8600-90331".
Не удалось выполнить скрипт 8622 / D:\#programs\c#.AutoScript\AutoScript\AutoScript\bin\Debug\Scripts\Статистика приема КНД 1151111.sql / Ошибка входа пользователя "REGIONS\8600-90331".
Не удалось выполнить скрипт. Ошибка входа пользователя "REGIONS\8600-90331".
Не удалось выполнить скрипт 8611 / D:\#programs\c#.AutoScript\AutoScript\AutoScript\bin\Debug\Scripts\Статистика приема КНД 1151111.sql / Истекло время ожидания соединения. Время ожидания истекло при попытке обработки подтверждения предварительного согласования. Возможно, произошел сбой во время предварительного согласования, или сервер не смог ответить вовремя.  Время, затраченное на попытки подключиться к этому серверу, составило: [Pre-Login] initialization=16750; handshake=12616; 
Не удалось выполнить скрипт. Истекло время ожидания соединения. Время ожидания истекло при попытке обработки подтверждения предварительного согласования. Возможно, произошел сбой во время предварительного согласования, или сервер не смог ответить вовремя.  Время, затраченное на попытки подключиться к этому серверу, составило: [Pre-Login] initialization=16750; handshake=12616; 
